mode: set
github.com/mariasodiaz/backpack-bcgow6-mariasol-diazreal/go-testing/tipostest/internal/products/repository.go:25.47,29.2 1 1
github.com/mariasodiaz/backpack-bcgow6-mariasol-diazreal/go-testing/tipostest/internal/products/repository.go:31.57,35.2 3 1
github.com/mariasodiaz/backpack-bcgow6-mariasol-diazreal/go-testing/tipostest/internal/products/repository.go:37.44,39.45 2 1
github.com/mariasodiaz/backpack-bcgow6-mariasol-diazreal/go-testing/tipostest/internal/products/repository.go:42.2,42.24 1 1
github.com/mariasodiaz/backpack-bcgow6-mariasol-diazreal/go-testing/tipostest/internal/products/repository.go:45.2,45.42 1 0
github.com/mariasodiaz/backpack-bcgow6-mariasol-diazreal/go-testing/tipostest/internal/products/repository.go:39.45,41.3 1 0
github.com/mariasodiaz/backpack-bcgow6-mariasol-diazreal/go-testing/tipostest/internal/products/repository.go:42.24,44.3 1 1
github.com/mariasodiaz/backpack-bcgow6-mariasol-diazreal/go-testing/tipostest/internal/products/repository.go:48.151,53.45 5 1
github.com/mariasodiaz/backpack-bcgow6-mariasol-diazreal/go-testing/tipostest/internal/products/repository.go:56.2,56.21 1 1
github.com/mariasodiaz/backpack-bcgow6-mariasol-diazreal/go-testing/tipostest/internal/products/repository.go:53.45,55.3 1 0
github.com/mariasodiaz/backpack-bcgow6-mariasol-diazreal/go-testing/tipostest/internal/products/repository.go:59.152,64.26 5 1
github.com/mariasodiaz/backpack-bcgow6-mariasol-diazreal/go-testing/tipostest/internal/products/repository.go:71.2,71.14 1 1
github.com/mariasodiaz/backpack-bcgow6-mariasol-diazreal/go-testing/tipostest/internal/products/repository.go:74.2,74.45 1 1
github.com/mariasodiaz/backpack-bcgow6-mariasol-diazreal/go-testing/tipostest/internal/products/repository.go:77.2,77.24 1 1
github.com/mariasodiaz/backpack-bcgow6-mariasol-diazreal/go-testing/tipostest/internal/products/repository.go:64.26,65.27 1 1
github.com/mariasodiaz/backpack-bcgow6-mariasol-diazreal/go-testing/tipostest/internal/products/repository.go:65.27,69.4 3 1
github.com/mariasodiaz/backpack-bcgow6-mariasol-diazreal/go-testing/tipostest/internal/products/repository.go:71.14,73.3 1 0
github.com/mariasodiaz/backpack-bcgow6-mariasol-diazreal/go-testing/tipostest/internal/products/repository.go:74.45,76.3 1 0
github.com/mariasodiaz/backpack-bcgow6-mariasol-diazreal/go-testing/tipostest/internal/products/repository.go:80.43,84.26 4 1
github.com/mariasodiaz/backpack-bcgow6-mariasol-diazreal/go-testing/tipostest/internal/products/repository.go:89.2,89.15 1 1
github.com/mariasodiaz/backpack-bcgow6-mariasol-diazreal/go-testing/tipostest/internal/products/repository.go:92.2,93.45 2 1
github.com/mariasodiaz/backpack-bcgow6-mariasol-diazreal/go-testing/tipostest/internal/products/repository.go:96.2,96.12 1 1
github.com/mariasodiaz/backpack-bcgow6-mariasol-diazreal/go-testing/tipostest/internal/products/repository.go:84.26,85.27 1 1
github.com/mariasodiaz/backpack-bcgow6-mariasol-diazreal/go-testing/tipostest/internal/products/repository.go:85.27,87.4 1 1
github.com/mariasodiaz/backpack-bcgow6-mariasol-diazreal/go-testing/tipostest/internal/products/repository.go:89.15,91.3 1 1
github.com/mariasodiaz/backpack-bcgow6-mariasol-diazreal/go-testing/tipostest/internal/products/repository.go:93.45,95.3 1 0
github.com/mariasodiaz/backpack-bcgow6-mariasol-diazreal/go-testing/tipostest/internal/products/repository.go:99.89,104.26 5 1
github.com/mariasodiaz/backpack-bcgow6-mariasol-diazreal/go-testing/tipostest/internal/products/repository.go:113.2,113.14 1 1
github.com/mariasodiaz/backpack-bcgow6-mariasol-diazreal/go-testing/tipostest/internal/products/repository.go:116.2,116.45 1 1
github.com/mariasodiaz/backpack-bcgow6-mariasol-diazreal/go-testing/tipostest/internal/products/repository.go:119.2,119.21 1 1
github.com/mariasodiaz/backpack-bcgow6-mariasol-diazreal/go-testing/tipostest/internal/products/repository.go:104.26,105.27 1 1
github.com/mariasodiaz/backpack-bcgow6-mariasol-diazreal/go-testing/tipostest/internal/products/repository.go:105.27,110.4 4 1
github.com/mariasodiaz/backpack-bcgow6-mariasol-diazreal/go-testing/tipostest/internal/products/repository.go:113.14,115.3 1 0
github.com/mariasodiaz/backpack-bcgow6-mariasol-diazreal/go-testing/tipostest/internal/products/repository.go:116.45,118.3 1 0
github.com/mariasodiaz/backpack-bcgow6-mariasol-diazreal/go-testing/tipostest/internal/products/service.go:19.39,21.2 1 1
github.com/mariasodiaz/backpack-bcgow6-mariasol-diazreal/go-testing/tipostest/internal/products/service.go:23.54,25.16 2 1
github.com/mariasodiaz/backpack-bcgow6-mariasol-diazreal/go-testing/tipostest/internal/products/service.go:28.2,28.22 1 1
github.com/mariasodiaz/backpack-bcgow6-mariasol-diazreal/go-testing/tipostest/internal/products/service.go:25.16,27.3 1 0
github.com/mariasodiaz/backpack-bcgow6-mariasol-diazreal/go-testing/tipostest/internal/products/service.go:31.140,33.16 2 1
github.com/mariasodiaz/backpack-bcgow6-mariasol-diazreal/go-testing/tipostest/internal/products/service.go:36.2,38.16 3 1
github.com/mariasodiaz/backpack-bcgow6-mariasol-diazreal/go-testing/tipostest/internal/products/service.go:41.2,41.21 1 1
github.com/mariasodiaz/backpack-bcgow6-mariasol-diazreal/go-testing/tipostest/internal/products/service.go:33.16,35.3 1 0
github.com/mariasodiaz/backpack-bcgow6-mariasol-diazreal/go-testing/tipostest/internal/products/service.go:38.16,40.3 1 0
github.com/mariasodiaz/backpack-bcgow6-mariasol-diazreal/go-testing/tipostest/internal/products/service.go:44.149,46.16 2 1
github.com/mariasodiaz/backpack-bcgow6-mariasol-diazreal/go-testing/tipostest/internal/products/service.go:49.2,49.21 1 1
github.com/mariasodiaz/backpack-bcgow6-mariasol-diazreal/go-testing/tipostest/internal/products/service.go:46.16,48.3 1 0
github.com/mariasodiaz/backpack-bcgow6-mariasol-diazreal/go-testing/tipostest/internal/products/service.go:52.40,54.16 2 1
github.com/mariasodiaz/backpack-bcgow6-mariasol-diazreal/go-testing/tipostest/internal/products/service.go:57.2,57.12 1 1
github.com/mariasodiaz/backpack-bcgow6-mariasol-diazreal/go-testing/tipostest/internal/products/service.go:54.16,56.3 1 1
github.com/mariasodiaz/backpack-bcgow6-mariasol-diazreal/go-testing/tipostest/internal/products/service.go:60.86,62.16 2 1
github.com/mariasodiaz/backpack-bcgow6-mariasol-diazreal/go-testing/tipostest/internal/products/service.go:65.2,65.21 1 1
github.com/mariasodiaz/backpack-bcgow6-mariasol-diazreal/go-testing/tipostest/internal/products/service.go:62.16,64.3 1 0
